<?xml version="1.0" encoding="UTF-8"?>
<!-- Generated by org.testng.reporters.JUnitReportReporter -->
<testsuite hostname="LAPTOP-MGQANEBL" failures="0" tests="1" name="in.swiggy.testscripts.TestRunner" time="25.205" errors="0" timestamp="2022-09-09T18:34:15 IST" skipped="0">
  <testcase classname="in.swiggy.testscripts.TestRunner" name="runScenario" time="25.205"/>
  <system-out/>
</testsuite> <!-- in.swiggy.testscripts.TestRunner -->
